[debug] [2024-03-29T17:00:05.948Z] ----------------------------------------------------------------------
[debug] [2024-03-29T17:00:05.950Z] Command:       /usr/local/bin/node /Users/kipyegondenis/.npm-global/bin/firebase init
[debug] [2024-03-29T17:00:05.950Z] CLI Version:   13.6.0
[debug] [2024-03-29T17:00:05.951Z] Platform:      darwin
[debug] [2024-03-29T17:00:05.951Z] Node Version:  v20.11.1
[debug] [2024-03-29T17:00:05.951Z] Time:          Fri Mar 29 2024 20:00:05 GMT+0300 (East Africa Time)
[debug] [2024-03-29T17:00:05.951Z] ----------------------------------------------------------------------
[debug] 
[debug] [2024-03-29T17:00:05.955Z] > command requires scopes: ["email","openid","https://www.googleapis.com/auth/cloudplatformprojects.readonly","https://www.googleapis.com/auth/firebase","https://www.googleapis.com/auth/cloud-platform"]
[debug] [2024-03-29T17:00:05.955Z] > authorizing via signed-in user (denisdelaki@gmail.com)
[info] 
     ######## #### ########  ######## ########     ###     ######  ########
     ##        ##  ##     ## ##       ##     ##  ##   ##  ##       ##
     ######    ##  ########  ######   ########  #########  ######  ######
     ##        ##  ##    ##  ##       ##     ## ##     ##       ## ##
     ##       #### ##     ## ######## ########  ##     ##  ######  ########

You're about to initialize a Firebase project in this directory:

  /Users/kipyegondenis/Documents/PersonalProjects/RoyalSneakerShop/src/app/pages/Services

[info] 
=== Project Setup
[info] 
[info] First, let's associate this project directory with a Firebase project.
[info] You can create multiple project aliases by running firebase use --add, 
[info] but for now we'll just set up a default project.
[info] 
[debug] [2024-03-29T17:00:20.407Z] >>> [apiv2][query] GET https://firebase.googleapis.com/v1beta1/projects pageSize=100
[debug] [2024-03-29T17:00:21.307Z] <<< [apiv2][status] GET https://firebase.googleapis.com/v1beta1/projects 200
[debug] [2024-03-29T17:00:21.307Z] <<< [apiv2][body] GET https://firebase.googleapis.com/v1beta1/projects [omitted]
[info] i  Using project royalsneakershop (RoyalSneakerShop) 
[info] 
=== Hosting Setup
[debug] [2024-03-29T17:00:24.467Z] >>> [apiv2][query] GET https://firebase.googleapis.com/v1beta1/projects/royalsneakershop [none]
[debug] [2024-03-29T17:00:24.851Z] <<< [apiv2][status] GET https://firebase.googleapis.com/v1beta1/projects/royalsneakershop 200
[debug] [2024-03-29T17:00:24.851Z] <<< [apiv2][body] GET https://firebase.googleapis.com/v1beta1/projects/royalsneakershop {"projectId":"royalsneakershop","projectNumber":"557298092614","displayName":"RoyalSneakerShop","name":"projects/royalsneakershop","resources":{"hostingSite":"royalsneakershop"},"state":"ACTIVE","etag":"1_7f5a6161-9c13-438e-a598-bbdb3abfbc20"}
[info] 
[info] Your public directory is the folder (relative to your project directory) that
[info] will contain Hosting assets to be uploaded with firebase deploy. If you
[info] have a build process for your assets, use your build's output directory.
[info] 
[debug] [2024-03-29T17:01:10.419Z] >>> [apiv2][query] GET https://www.gstatic.com/firebasejs/releases.json [none]
[debug] [2024-03-29T17:01:10.831Z] <<< [apiv2][status] GET https://www.gstatic.com/firebasejs/releases.json 200
[debug] [2024-03-29T17:01:10.831Z] <<< [apiv2][body] GET https://www.gstatic.com/firebasejs/releases.json {"current":{"version":"10.10.0","browserURL":"https://www.gstatic.com/firebasejs/10.10.0/firebase.js","packageURL":"https://www.gstatic.com/firebasejs/10.10.0/firebase.tgz"},"live":{"version":"10.10","browserURL":"https://www.gstatic.com/firebasejs/live/10.10/firebase.js","packageURL":"https://www.gstatic.com/firebasejs/live/10.10/firebase.tgz"},"components":{"analytics":"https://www.gstatic.com/firebasejs/10.10.0/firebase-analytics.js","app":"https://www.gstatic.com/firebasejs/10.10.0/firebase-app.js","app-check":"https://www.gstatic.com/firebasejs/10.10.0/firebase-app-check.js","auth":"https://www.gstatic.com/firebasejs/10.10.0/firebase-auth.js","auth/cordova":"https://www.gstatic.com/firebasejs/10.10.0/firebase-auth/cordova.js","auth/web-extension":"https://www.gstatic.com/firebasejs/10.10.0/firebase-auth/web-extension.js","functions":"https://www.gstatic.com/firebasejs/10.10.0/firebase-functions.js","firestore":"https://www.gstatic.com/firebasejs/10.10.0/firebase-firestore.js","firestore/lite":"https://www.gstatic.com/firebasejs/10.10.0/firebase-firestore/lite.js","installations":"https://www.gstatic.com/firebasejs/10.10.0/firebase-installations.js","storage":"https://www.gstatic.com/firebasejs/10.10.0/firebase-storage.js","performance":"https://www.gstatic.com/firebasejs/10.10.0/firebase-performance.js","remote-config":"https://www.gstatic.com/firebasejs/10.10.0/firebase-remote-config.js","messaging":"https://www.gstatic.com/firebasejs/10.10.0/firebase-messaging.js","messaging/sw":"https://www.gstatic.com/firebasejs/10.10.0/firebase-messaging/sw.js","database":"https://www.gstatic.com/firebasejs/10.10.0/firebase-database.js","firestore.memory":"https://www.gstatic.com/firebasejs/10.10.0/firebase-firestore.memory.js"}}
[info] ✔  Wrote public/index.html 
[info] 
[info] i  Detected a .git folder at /Users/kipyegondenis/Documents/PersonalProjects/RoyalSneakerShop/src/app 
[info] i  Authorizing with GitHub to upload your service account to a GitHub repository's secrets store. 
[info] 
[info] Visit this URL on this device to log in:
[info] https://github.com/login/oauth/authorize?client_id=89cf50f02ac6aaed3484&state=130287076&redirect_uri=http%3A%2F%2Flocalhost%3A9005&scope=read%3Auser%20repo%20public_repo
[info] 
[info] Waiting for authentication...
